<?xml version="1.0" encoding="UTF-8"?>
<!-- Generated by org.testng.reporters.JUnitReportReporter -->
<testsuite hostname="DESKTOP-VUQE3G8" failures="0" tests="1" name="advanced.JavaStreamsDemo" time="0.032" errors="0" timestamp="2025-01-11T16:05:47 IST" skipped="0">
  <testcase classname="advanced.JavaStreamsDemo" name="streamCollect" time="0.032"/>
</testsuite> <!-- advanced.JavaStreamsDemo -->
