<?xml version="1.0" encoding="UTF-8"?>
<!-- Generated by org.testng.reporters.JUnitReportReporter -->
<testsuite hostname="DESKTOP-VUQE3G8" failures="0" tests="1" name="advanced.SortWebTables" time="0.018" errors="0" timestamp="2025-01-10T17:02:31 IST" skipped="0">
  <testcase classname="advanced.SortWebTables" name="streamCollect" time="0.018"/>
</testsuite> <!-- advanced.SortWebTables -->
